2021-01-07 22:48:36.642  INFO 40428 --- [main] c.d.s.SharedsurveyApplication            : Starting SharedsurveyApplication using Java 13.0.1 on DESKTOP-HS0UC40 with PID 40428 (C:\Users\82103\IdeaProjects\sharedsurvey\build\classes\java\main started by 82103 in C:\Users\82103\IdeaProjects\sharedsurvey)
2021-01-07 22:48:36.651  INFO 40428 --- [main] c.d.s.SharedsurveyApplication            : No active profile set, falling back to default profiles: default
2021-01-07 22:48:40.408  INFO 40428 --- [main] .s.d.r.c.RepositoryConfigurationDelegate : Bootstrapping Spring Data JPA repositories in DEFAULT mode.
2021-01-07 22:48:41.237  INFO 40428 --- [main] .s.d.r.c.RepositoryConfigurationDelegate : Finished Spring Data repository scanning in 807 ms. Found 8 JPA repository interfaces.
2021-01-07 22:48:43.691  INFO 40428 --- [main] o.s.b.w.embedded.tomcat.TomcatWebServer  : Tomcat initialized with port(s): 8080 (http)
2021-01-07 22:48:43.726  INFO 40428 --- [main] o.apache.catalina.core.StandardService   : Starting service [Tomcat]
2021-01-07 22:48:43.728  INFO 40428 --- [main] org.apache.catalina.core.StandardEngine  : Starting Servlet engine: [Apache Tomcat/9.0.41]
2021-01-07 22:48:44.274  INFO 40428 --- [main] o.a.c.c.C.[Tomcat].[localhost].[/]       : Initializing Spring embedded WebApplicationContext
2021-01-07 22:48:44.276  INFO 40428 --- [main] w.s.c.ServletWebServerApplicationContext : Root WebApplicationContext: initialization completed in 7503 ms
2021-01-07 22:48:45.127  INFO 40428 --- [main] o.hibernate.jpa.internal.util.LogHelper  : HHH000204: Processing PersistenceUnitInfo [name: default]
2021-01-07 22:48:45.337  INFO 40428 --- [main] org.hibernate.Version                    : HHH000412: Hibernate ORM core version 5.4.25.Final
2021-01-07 22:48:46.042  INFO 40428 --- [main] o.hibernate.annotations.common.Version   : HCANN000001: Hibernate Commons Annotations {5.1.2.Final}
2021-01-07 22:48:46.651  INFO 40428 --- [main] com.zaxxer.hikari.HikariDataSource       : HikariPool-1 - Starting...
2021-01-07 22:48:46.656  WARN 40428 --- [main] com.zaxxer.hikari.util.DriverDataSource  : Registered driver with driverClassName=com.mysql.jdbc.Driver was not found, trying direct instantiation.
2021-01-07 22:48:47.892  INFO 40428 --- [main] com.zaxxer.hikari.HikariDataSource       : HikariPool-1 - Start completed.
2021-01-07 22:48:48.009  INFO 40428 --- [main] org.hibernate.dialect.Dialect            : HHH000400: Using dialect: org.hibernate.dialect.MySQL8Dialect
2021-01-07 22:48:51.483  INFO 40428 --- [main] o.h.e.t.j.p.i.JtaPlatformInitiator       : HHH000490: Using JtaPlatform implementation: [org.hibernate.engine.transaction.jta.platform.internal.NoJtaPlatform]
2021-01-07 22:48:51.546  INFO 40428 --- [main] j.LocalContainerEntityManagerFactoryBean : Initialized JPA EntityManagerFactory for persistence unit 'default'
2021-01-07 22:48:54.517  INFO 40428 --- [main] o.s.s.web.DefaultSecurityFilterChain     : Will secure Ant [pattern='/css/**'] with []
2021-01-07 22:48:54.518  INFO 40428 --- [main] o.s.s.web.DefaultSecurityFilterChain     : Will secure Ant [pattern='/js/**'] with []
2021-01-07 22:48:54.520  INFO 40428 --- [main] o.s.s.web.DefaultSecurityFilterChain     : Will secure Ant [pattern='/img/**'] with []
2021-01-07 22:48:54.520  INFO 40428 --- [main] o.s.s.web.DefaultSecurityFilterChain     : Will secure Ant [pattern='/lib/*8'] with []
2021-01-07 22:48:54.648  INFO 40428 --- [main] o.s.s.web.DefaultSecurityFilterChain     : Will secure any request with [org.springframework.security.web.context.request.async.WebAsyncManagerIntegrationFilter@7c93e69, org.springframework.security.web.context.SecurityContextPersistenceFilter@239bc43f, org.springframework.security.web.header.HeaderWriterFilter@6c537267, org.springframework.security.web.authentication.logout.LogoutFilter@4a013b23, com.doubleslash.sharedsurvey.config.security.JwtAuthenticationFilter@4e4c05a0, org.springframework.security.web.savedrequest.RequestCacheAwareFilter@6b338591, org.springframework.security.web.servletapi.SecurityContextHolderAwareRequestFilter@44580de0, org.springframework.security.web.authentication.AnonymousAuthenticationFilter@d763b06, org.springframework.security.web.session.SessionManagementFilter@122ea8dc, org.springframework.security.web.access.ExceptionTranslationFilter@10280879, org.springframework.security.web.access.intercept.FilterSecurityInterceptor@1a06b95]
2021-01-07 22:48:55.203  INFO 40428 --- [main] o.s.s.concurrent.ThreadPoolTaskExecutor  : Initializing ExecutorService 'applicationTaskExecutor'
2021-01-07 22:49:02.291  INFO 40428 --- [main] o.s.b.w.embedded.tomcat.TomcatWebServer  : Tomcat started on port(s): 8080 (http) with context path ''
2021-01-07 22:49:02.314  INFO 40428 --- [main] c.d.s.SharedsurveyApplication            : Started SharedsurveyApplication in 27.052 seconds (JVM running for 36.925)
2021-01-07 22:50:52.583  INFO 40428 --- [http-nio-8080-exec-1] o.a.c.c.C.[Tomcat].[localhost].[/]       : Initializing Spring DispatcherServlet 'dispatcherServlet'
2021-01-07 22:50:52.585  INFO 40428 --- [http-nio-8080-exec-1] o.s.web.servlet.DispatcherServlet        : Initializing Servlet 'dispatcherServlet'
2021-01-07 22:50:52.587  INFO 40428 --- [http-nio-8080-exec-1] o.s.web.servlet.DispatcherServlet        : Completed initialization in 1 ms
2021-01-07 22:50:52.961  INFO 40428 --- [http-nio-8080-exec-1] c.d.sharedsurvey.aop.LoggingAspect       : Controller - 'com.doubleslash.sharedsurvey.controller.MemberController.login'
2021-01-07 22:50:53.024  INFO 40428 --- [http-nio-8080-exec-1] c.d.sharedsurvey.aop.LoggingAspect       : Service - 'com.doubleslash.sharedsurvey.service.MemberService.idCheck'
2021-01-07 22:51:10.824  INFO 40428 --- [http-nio-8080-exec-3] c.d.sharedsurvey.aop.LoggingAspect       : Service - 'com.doubleslash.sharedsurvey.service.MemberService.loadUserByUsername'
2021-01-07 22:51:11.026  INFO 40428 --- [http-nio-8080-exec-3] c.d.sharedsurvey.aop.LoggingAspect       : Controller - 'com.doubleslash.sharedsurvey.controller.SurveyController.createSurvey'
2021-01-07 22:51:11.057  INFO 40428 --- [http-nio-8080-exec-3] c.d.sharedsurvey.aop.LoggingAspect       : Service - 'com.doubleslash.sharedsurvey.service.SurveyService.registerSurvey'
2021-01-07 22:51:11.311  INFO 40428 --- [http-nio-8080-exec-3] c.d.sharedsurvey.aop.LoggingAspect       : Service - 'com.doubleslash.sharedsurvey.service.FileService.saveQuestionSave'
2021-01-07 22:54:31.208  INFO 16280 --- [main] c.d.s.SharedsurveyApplication            : Starting SharedsurveyApplication using Java 13.0.1 on DESKTOP-HS0UC40 with PID 16280 (C:\Users\82103\IdeaProjects\sharedsurvey\build\classes\java\main started by 82103 in C:\Users\82103\IdeaProjects\sharedsurvey)
2021-01-07 22:54:31.216  INFO 16280 --- [main] c.d.s.SharedsurveyApplication            : No active profile set, falling back to default profiles: default
2021-01-07 22:54:33.903  INFO 16280 --- [main] .s.d.r.c.RepositoryConfigurationDelegate : Bootstrapping Spring Data JPA repositories in DEFAULT mode.
2021-01-07 22:54:34.721  INFO 16280 --- [main] .s.d.r.c.RepositoryConfigurationDelegate : Finished Spring Data repository scanning in 782 ms. Found 8 JPA repository interfaces.
2021-01-07 22:54:36.621  INFO 16280 --- [main] o.s.b.w.embedded.tomcat.TomcatWebServer  : Tomcat initialized with port(s): 8080 (http)
2021-01-07 22:54:36.645  INFO 16280 --- [main] o.apache.catalina.core.StandardService   : Starting service [Tomcat]
2021-01-07 22:54:36.646  INFO 16280 --- [main] org.apache.catalina.core.StandardEngine  : Starting Servlet engine: [Apache Tomcat/9.0.41]
2021-01-07 22:54:37.155  INFO 16280 --- [main] o.a.c.c.C.[Tomcat].[localhost].[/]       : Initializing Spring embedded WebApplicationContext
2021-01-07 22:54:37.157  INFO 16280 --- [main] w.s.c.ServletWebServerApplicationContext : Root WebApplicationContext: initialization completed in 5792 ms
2021-01-07 22:54:37.630  INFO 16280 --- [main] o.hibernate.jpa.internal.util.LogHelper  : HHH000204: Processing PersistenceUnitInfo [name: default]
2021-01-07 22:54:37.816  INFO 16280 --- [main] org.hibernate.Version                    : HHH000412: Hibernate ORM core version 5.4.25.Final
2021-01-07 22:54:38.232  INFO 16280 --- [main] o.hibernate.annotations.common.Version   : HCANN000001: Hibernate Commons Annotations {5.1.2.Final}
2021-01-07 22:54:38.450  INFO 16280 --- [main] com.zaxxer.hikari.HikariDataSource       : HikariPool-1 - Starting...
2021-01-07 22:54:38.455  WARN 16280 --- [main] com.zaxxer.hikari.util.DriverDataSource  : Registered driver with driverClassName=com.mysql.jdbc.Driver was not found, trying direct instantiation.
2021-01-07 22:54:39.063  INFO 16280 --- [main] com.zaxxer.hikari.HikariDataSource       : HikariPool-1 - Start completed.
2021-01-07 22:54:39.131  INFO 16280 --- [main] org.hibernate.dialect.Dialect            : HHH000400: Using dialect: org.hibernate.dialect.MySQL8Dialect
2021-01-07 22:54:41.945  INFO 16280 --- [main] o.h.e.t.j.p.i.JtaPlatformInitiator       : HHH000490: Using JtaPlatform implementation: [org.hibernate.engine.transaction.jta.platform.internal.NoJtaPlatform]
2021-01-07 22:54:42.000  INFO 16280 --- [main] j.LocalContainerEntityManagerFactoryBean : Initialized JPA EntityManagerFactory for persistence unit 'default'
2021-01-07 22:54:44.136  INFO 16280 --- [main] o.s.s.web.DefaultSecurityFilterChain     : Will secure Ant [pattern='/css/**'] with []
2021-01-07 22:54:44.138  INFO 16280 --- [main] o.s.s.web.DefaultSecurityFilterChain     : Will secure Ant [pattern='/js/**'] with []
2021-01-07 22:54:44.139  INFO 16280 --- [main] o.s.s.web.DefaultSecurityFilterChain     : Will secure Ant [pattern='/img/**'] with []
2021-01-07 22:54:44.139  INFO 16280 --- [main] o.s.s.web.DefaultSecurityFilterChain     : Will secure Ant [pattern='/lib/*8'] with []
2021-01-07 22:54:44.312  INFO 16280 --- [main] o.s.s.web.DefaultSecurityFilterChain     : Will secure any request with [org.springframework.security.web.context.request.async.WebAsyncManagerIntegrationFilter@19c06762, org.springframework.security.web.context.SecurityContextPersistenceFilter@2ad6aeb8, org.springframework.security.web.header.HeaderWriterFilter@4d4bac56, org.springframework.security.web.authentication.logout.LogoutFilter@6ba0dcba, com.doubleslash.sharedsurvey.config.security.JwtAuthenticationFilter@22e1a1dc, org.springframework.security.web.savedrequest.RequestCacheAwareFilter@7772ec28, org.springframework.security.web.servletapi.SecurityContextHolderAwareRequestFilter@a08e41b, org.springframework.security.web.authentication.AnonymousAuthenticationFilter@14b4d90b, org.springframework.security.web.session.SessionManagementFilter@3fb0d9de, org.springframework.security.web.access.ExceptionTranslationFilter@68feca3a, org.springframework.security.web.access.intercept.FilterSecurityInterceptor@6d658aa8]
2021-01-07 22:54:44.732  INFO 16280 --- [main] o.s.s.concurrent.ThreadPoolTaskExecutor  : Initializing ExecutorService 'applicationTaskExecutor'
2021-01-07 22:54:50.492  INFO 16280 --- [main] o.s.b.w.embedded.tomcat.TomcatWebServer  : Tomcat started on port(s): 8080 (http) with context path ''
2021-01-07 22:54:50.511  INFO 16280 --- [main] c.d.s.SharedsurveyApplication            : Started SharedsurveyApplication in 20.589 seconds (JVM running for 26.241)
